2024-12-13 16:00:38.452 WARNING (Recorder) [homeassistant.components.recorder.util] The system could not validate that the sqlite3 database at //config/home-assistant_v2.db was shutdown cleanly
2024-12-13 16:00:38.606 WARNING (Recorder) [homeassistant.components.recorder.util] Ended unfinished session (id=120 from 2024-12-13 14:58:05.228603)
2024-12-13 16:00:48.388 ERROR (MainThread) [homeassistant.config] Invalid config for 'influxdb' at configuration.yaml, line 13: 'customize' is an invalid option for 'influxdb', check: influxdb->customize, please check the docs at https://www.home-assistant.io/integrations/influxdb
2024-12-13 16:00:48.389 ERROR (MainThread) [homeassistant.setup] Setup failed for 'influxdb': Invalid config.
2024-12-13 16:00:50.560 ERROR (MainThread) [homeassistant.components.sensor] Platform zwave_js does not generate unique IDs. ID 3820979963.1.controller_status already exists - ignoring sensor.usb_controller_statut
2024-12-13 16:00:50.589 ERROR (MainThread) [homeassistant.components.sensor] Platform zwave_js does not generate unique IDs. ID 3820979963.3.node_status already exists - ignoring sensor.node_3_etat_du_noeud
2024-12-13 16:00:50.590 ERROR (MainThread) [homeassistant.components.sensor] Platform zwave_js does not generate unique IDs. ID 3820979963.4.node_status already exists - ignoring sensor.node_4_etat_du_noeud
2024-12-13 16:00:50.590 ERROR (MainThread) [homeassistant.components.sensor] Platform zwave_js does not generate unique IDs. ID 3820979963.6.node_status already exists - ignoring sensor.z_etat_du_noeud
2024-12-13 16:00:50.591 ERROR (MainThread) [homeassistant.components.sensor] Platform zwave_js does not generate unique IDs. ID 3820979963.8.node_status already exists - ignoring sensor.air_quality_sensor_etat_du_noeud
2024-12-13 16:00:50.591 ERROR (MainThread) [homeassistant.components.sensor] Platform zwave_js does not generate unique IDs. ID 3820979963.9.node_status already exists - ignoring sensor.node_9_etat_du_noeud
2024-12-13 16:00:50.592 ERROR (MainThread) [homeassistant.components.sensor] Platform zwave_js does not generate unique IDs. ID 3820979963.10.node_status already exists - ignoring sensor.node_10_etat_du_noeud
2024-12-13 16:00:50.593 ERROR (MainThread) [homeassistant.components.sensor] Platform zwave_js does not generate unique IDs. ID 3820979963.12.node_status already exists - ignoring sensor.node_12_etat_du_noeud
2024-12-13 16:00:50.716 ERROR (MainThread) [homeassistant.components.button] Platform zwave_js does not generate unique IDs. ID 3820979963.3.ping already exists - ignoring button.node_3_ping
2024-12-13 16:00:50.724 ERROR (MainThread) [homeassistant.components.sensor] Platform zwave_js does not generate unique IDs. ID 3820979963.3.statistics_last_seen already exists - ignoring sensor.node_3_derniere_connexion
2024-12-13 16:00:50.725 ERROR (MainThread) [homeassistant.components.button] Platform zwave_js does not generate unique IDs. ID 3820979963.4.ping already exists - ignoring button.node_4_ping
2024-12-13 16:00:50.735 ERROR (MainThread) [homeassistant.components.sensor] Platform zwave_js does not generate unique IDs. ID 3820979963.4.statistics_last_seen already exists - ignoring sensor.node_4_derniere_connexion
2024-12-13 16:00:50.736 ERROR (MainThread) [homeassistant.components.button] Platform zwave_js does not generate unique IDs. ID 3820979963.6.ping already exists - ignoring button.z_ping
2024-12-13 16:00:50.746 ERROR (MainThread) [homeassistant.components.sensor] Platform zwave_js does not generate unique IDs. ID 3820979963.6.statistics_last_seen already exists - ignoring sensor.z_derniere_connexion
2024-12-13 16:00:50.768 ERROR (MainThread) [homeassistant.components.button] Platform zwave_js does not generate unique IDs. ID 3820979963.8.ping already exists - ignoring button.air_quality_sensor_ping
2024-12-13 16:00:50.777 ERROR (MainThread) [homeassistant.components.sensor] Platform zwave_js does not generate unique IDs. ID 3820979963.8.statistics_last_seen already exists - ignoring sensor.air_quality_sensor_derniere_connexion
2024-12-13 16:00:50.779 ERROR (MainThread) [homeassistant.components.button] Platform zwave_js does not generate unique IDs. ID 3820979963.9.ping already exists - ignoring button.node_9_ping
2024-12-13 16:00:50.787 ERROR (MainThread) [homeassistant.components.sensor] Platform zwave_js does not generate unique IDs. ID 3820979963.9.statistics_last_seen already exists - ignoring sensor.node_9_derniere_connexion
2024-12-13 16:00:50.789 ERROR (MainThread) [homeassistant.components.button] Platform zwave_js does not generate unique IDs. ID 3820979963.10.ping already exists - ignoring button.node_10_ping
2024-12-13 16:00:50.799 ERROR (MainThread) [homeassistant.components.sensor] Platform zwave_js does not generate unique IDs. ID 3820979963.10.statistics_last_seen already exists - ignoring sensor.node_10_derniere_connexion
2024-12-13 16:00:50.814 ERROR (MainThread) [homeassistant.components.button] Platform zwave_js does not generate unique IDs. ID 3820979963.12.ping already exists - ignoring button.node_12_ping
2024-12-13 16:00:50.820 ERROR (MainThread) [homeassistant.components.sensor] Platform zwave_js does not generate unique IDs. ID 3820979963.12.statistics_last_seen already exists - ignoring sensor.node_12_derniere_connexion
2024-12-13 16:00:50.860 ERROR (MainThread) [homeassistant.components.sensor] Platform zwave_js does not generate unique IDs. ID 3820979963.6-49-0-Air temperature already exists - ignoring sensor.z_air_temperature
2024-12-13 16:00:50.861 ERROR (MainThread) [homeassistant.components.sensor] Platform zwave_js does not generate unique IDs. ID 3820979963.6-49-0-Humidity already exists - ignoring sensor.z_humidity
2024-12-13 16:00:50.861 ERROR (MainThread) [homeassistant.components.sensor] Platform zwave_js does not generate unique IDs. ID 3820979963.6-49-0-Dew point already exists - ignoring sensor.z_dew_point
2024-12-13 16:00:50.862 ERROR (MainThread) [homeassistant.components.sensor] Platform zwave_js does not generate unique IDs. ID 3820979963.6-49-0-Carbon dioxide (CO₂) level already exists - ignoring sensor.z_carbon_dioxide_co2_level
2024-12-13 16:00:50.863 ERROR (MainThread) [homeassistant.components.sensor] Platform zwave_js does not generate unique IDs. ID 3820979963.6-49-0-Volatile Organic Compound level already exists - ignoring sensor.z_volatile_organic_compound_level
2024-12-13 16:00:50.868 ERROR (MainThread) [homeassistant.components.binary_sensor] Platform zwave_js does not generate unique IDs. ID 3820979963.6-113-0-Home Health-VOC level status.1 already exists - ignoring binary_sensor.z_clean
2024-12-13 16:00:50.869 ERROR (MainThread) [homeassistant.components.binary_sensor] Platform zwave_js does not generate unique IDs. ID 3820979963.6-113-0-Home Health-VOC level status.2 already exists - ignoring binary_sensor.z_slightly_polluted
2024-12-13 16:00:50.869 ERROR (MainThread) [homeassistant.components.binary_sensor] Platform zwave_js does not generate unique IDs. ID 3820979963.6-113-0-Home Health-VOC level status.3 already exists - ignoring binary_sensor.z_moderately_polluted
2024-12-13 16:00:50.869 ERROR (MainThread) [homeassistant.components.binary_sensor] Platform zwave_js does not generate unique IDs. ID 3820979963.6-113-0-Home Health-VOC level status.4 already exists - ignoring binary_sensor.z_highly_polluted
2024-12-13 16:00:50.870 ERROR (MainThread) [homeassistant.components.sensor] Platform zwave_js does not generate unique IDs. ID 3820979963.10-49-0-Air temperature already exists - ignoring sensor.air_quality_sensor_air_temperature_2
2024-12-13 16:00:50.871 ERROR (MainThread) [homeassistant.components.sensor] Platform zwave_js does not generate unique IDs. ID 3820979963.10-49-0-Humidity already exists - ignoring sensor.air_quality_sensor_humidity_2
2024-12-13 16:00:50.871 ERROR (MainThread) [homeassistant.components.sensor] Platform zwave_js does not generate unique IDs. ID 3820979963.10-49-0-Dew point already exists - ignoring sensor.air_quality_sensor_dew_point_2
2024-12-13 16:00:50.872 ERROR (MainThread) [homeassistant.components.sensor] Platform zwave_js does not generate unique IDs. ID 3820979963.10-49-0-Carbon dioxide (CO₂) level already exists - ignoring sensor.air_quality_sensor_carbon_dioxide_co2_level_2
2024-12-13 16:00:50.873 ERROR (MainThread) [homeassistant.components.sensor] Platform zwave_js does not generate unique IDs. ID 3820979963.10-49-0-Volatile Organic Compound level already exists - ignoring sensor.air_quality_sensor_volatile_organic_compound_level_2
2024-12-13 16:00:50.881 ERROR (MainThread) [homeassistant.components.binary_sensor] Platform zwave_js does not generate unique IDs. ID 3820979963.10-113-0-Home Health-VOC level status.1 already exists - ignoring binary_sensor.air_quality_sensor_clean_2
2024-12-13 16:00:50.881 ERROR (MainThread) [homeassistant.components.binary_sensor] Platform zwave_js does not generate unique IDs. ID 3820979963.10-113-0-Home Health-VOC level status.2 already exists - ignoring binary_sensor.air_quality_sensor_slightly_polluted_2
2024-12-13 16:00:50.881 ERROR (MainThread) [homeassistant.components.binary_sensor] Platform zwave_js does not generate unique IDs. ID 3820979963.10-113-0-Home Health-VOC level status.3 already exists - ignoring binary_sensor.air_quality_sensor_moderately_polluted_2
2024-12-13 16:00:50.881 ERROR (MainThread) [homeassistant.components.binary_sensor] Platform zwave_js does not generate unique IDs. ID 3820979963.10-113-0-Home Health-VOC level status.4 already exists - ignoring binary_sensor.air_quality_sensor_highly_polluted_2
2024-12-13 16:00:50.964 ERROR (MainThread) [homeassistant.components.light] Platform zwave_js does not generate unique IDs. ID 3820979963.12-38-0-currentValue already exists - ignoring light.abus_security_center_bulb
2024-12-13 16:00:50.978 ERROR (MainThread) [homeassistant.components.update] Platform zwave_js does not generate unique IDs. ID 3820979963.12.firmware_update already exists - ignoring update.abus_security_center_bulb_firmware
2024-12-13 16:00:50.980 ERROR (MainThread) [homeassistant.components.update] Platform zwave_js does not generate unique IDs. ID 3820979963.6.firmware_update already exists - ignoring update.z_firmware
2024-12-13 16:00:50.984 ERROR (MainThread) [homeassistant.components.update] Platform zwave_js does not generate unique IDs. ID 3820979963.10.firmware_update already exists - ignoring update.air_quality_sensor_firmware_2
